<?xml version="1.0" encoding="UTF-8"?>
<!-- Generated by org.testng.reporters.JUnitReportReporter -->
<testsuite hostname="him" failures="0" tests="1" name="testCases.TC_062_LoginTest" time="2.150" errors="0" timestamp="2024-11-27T11:14:18 IST" skipped="0">
  <testcase classname="testCases.TC_062_LoginTest" name="verify_login" time="2.150"/>
  <system-out/>
</testsuite> <!-- testCases.TC_062_LoginTest -->
