<?xml version="1.0" encoding="UTF-8"?>
<!-- Generated by org.testng.reporters.JUnitReportReporter -->
<testsuite hostname="him" failures="0" tests="1" name="testCases.fsd" time="6.413" errors="0" timestamp="2024-11-27T05:25:00 IST" skipped="0">
  <testcase classname="testCases.fsd" name="check" time="6.413"/>
  <system-out/>
</testsuite> <!-- testCases.fsd -->
