<?xml version="1.0" encoding="UTF-8"?>
<!-- Generated by org.testng.reporters.JUnitReportReporter -->
<testsuite hostname="him" failures="0" tests="1" name="testCases.TC_048_AccountRegTest" time="2.904" errors="0" timestamp="2024-11-27T11:14:18 IST" skipped="0">
  <testcase classname="testCases.TC_048_AccountRegTest" name="verify_account_reg" time="2.904"/>
  <system-out/>
</testsuite> <!-- testCases.TC_048_AccountRegTest -->
